<?xml version="1.0" encoding="UTF-8"?>

<!-- $Id: test-xa-ds.xml 34075 2005-07-27 18:41:03Z adrian $ -->

<datasources>

   <mbean code="org.jboss.test.jca.xads.Test" name="jboss.test.jca:name=Tester"/>

   <xa-datasource>
     <jndi-name>TestXADS</jndi-name>
     <xa-datasource-class>org.jboss.test.jca.xads.TestXADataSource</xa-datasource-class>
     <xa-datasource-property name="SomeProperty">${org.jboss.test.jca.xads.SomeProperty}</xa-datasource-property>
     <xa-datasource-property name="BackSlash">${org.jboss.test.jca.xads.BackSlash}</xa-datasource-property>
   </xa-datasource>
</datasources>
