<?xml version="1.0" encoding="UTF-8"?>

<server>
  <!-- Destination without a configured SecurityManager or without a 
       a SecurityConf will default to role guest with read=true, write=true,
       create=false.
  -->
  <mbean code="org.jboss.mq.server.jmx.Topic"
	 name="jboss.mq.destination:service=Topic,name=testTopic">
    <depends optional-attribute-name="DestinationManager">jboss.mq:service=DestinationManager</depends>
    <depends optional-attribute-name="SecurityManager">jboss.mq:service=SecurityManager</depends>
    <attribute name="SecurityConf">
      <security>
        <role name="guest" read="true" write="true"/>
        <role name="publisher" read="true" write="true" create="false"/>
        <role name="durpublisher" read="true" write="true" create="true"/>
      </security>
    </attribute>
  </mbean>

  <mbean code="org.jboss.mq.server.jmx.Topic"
	 name="jboss.mq.destination:service=Topic,name=securedTopic">
    <depends optional-attribute-name="DestinationManager">jboss.mq:service=DestinationManager</depends>
    <depends optional-attribute-name="SecurityManager">jboss.mq:service=SecurityManager</depends>
    <attribute name="SecurityConf">
      <security>
        <role name="publisher" read="true" write="true" create="false"/>
      </security>
    </attribute>
  </mbean>

  <mbean code="org.jboss.mq.server.jmx.Topic"
	 name="jboss.mq.destination:service=Topic,name=testDurableTopic">
    <depends optional-attribute-name="DestinationManager">jboss.mq:service=DestinationManager</depends>
    <depends optional-attribute-name="SecurityManager">jboss.mq:service=SecurityManager</depends>
    <attribute name="SecurityConf">
       <security>
         <role name="guest" read="true" write="true"/>
         <role name="publisher" read="true" write="true" create="false"/>
         <role name="durpublisher" read="true" write="true" create="true"/>
      </security>
    </attribute>
  </mbean>

  <mbean code="org.jboss.mq.server.jmx.Queue"
	 name="jboss.mq.destination:service=Queue,name=testQueue">
    <depends optional-attribute-name="DestinationManager">jboss.mq:service=DestinationManager</depends>
    <depends optional-attribute-name="SecurityManager">jboss.mq:service=SecurityManager</depends>
    <attribute name="MessageCounterHistoryDayLimit">-1</attribute>
    <attribute name="SecurityConf">
      <security>
        <role name="guest" read="true" write="true"/>
        <role name="publisher" read="true" write="true" create="false"/>
        <role name="noacc" read="false" write="false" create="false"/>
      </security>
    </attribute>
  </mbean>

</server>
