<?xml version="1.0" encoding="UTF-8"?>
<datasources>
   <local-tx-datasource>
      <jndi-name>OtherNestedTestDS</jndi-name>
      <connection-url>jdbc:hsqldb:${jboss.server.data.dir}${/}hypersonic${/}localDB</connection-url>
      <driver-class>org.hsqldb.jdbcDriver</driver-class>
      <user-name>sa</user-name>
      <password></password>
      <min-pool-size>2</min-pool-size>
      <max-pool-size>22</max-pool-size>
      <idle-timeout-minutes>0</idle-timeout-minutes>
      <security-domain>HsqlDbRealm</security-domain>
      <prepared-statement-cache-size>12</prepared-statement-cache-size>
      <metadata>
         <type-mapping>Hypersonic SQL</type-mapping>
      </metadata>
   </local-tx-datasource>


   <mbean code="org.jboss.jdbc.HypersonicDatabase" 
     name="jboss:service=Hypersonic,database=otherProfileserviceTestDB">
     <attribute name="Database">otherProfileserviceTestDB</attribute>
     <attribute name="InProcessMode">true</attribute>
   </mbean>

</datasources>