<?xml version="1.0" encoding="UTF-8"?>
<deployment xmlns="urn:jboss:bean-deployer:2.0">

 <bean name="TestPasswordBean" class="org.jboss.test.security.beans.TestPasswordInjectedBean">
   <!-- Password Annotation to inject the password from the common password utility -->
   <annotation>@org.jboss.security.integration.password.Password(securityDomain="test-bean",methodName="setPass")</annotation>
 </bean>

 <bean name="TestJNDIBean" class="org.jboss.security.integration.JNDIBindingBean">
   <property name="bean"><inject bean="TestPasswordBean"/></property>
   <property name="JNDIContext">testJNDIBean</property>
 </bean>

</deployment>
