<?xml version="1.0" encoding="UTF-8"?>


<datasources>
   <local-tx-datasource>
      <jndi-name>TestFailedBackgroundDS</jndi-name>
      <use-java-context>false</use-java-context>
      <connection-url>jdbc:hsqldb:mem:BackgroundDSDB</connection-url>
      <driver-class>org.hsqldb.jdbcDriver</driver-class>
      <application-managed-security />
	  <min-pool-size>5</min-pool-size>
	  <max-pool-size>10</max-pool-size>
	  <background-validation-millis>5000</background-validation-millis>
	  <valid-connection-checker-class-name>org.jboss.test.jca.support.MockFailedValidationConnectionChecker</valid-connection-checker-class-name>
	  <exception-sorter-class-name>org.jboss.test.jca.support.MockExceptionSorter</exception-sorter-class-name>
      <metadata>
         <type-mapping>Hypersonic SQL</type-mapping>
      </metadata>
   </local-tx-datasource>


</datasources>
